############################### 
2020-02-11 17:24:29.5308152 +0530 IST m=+0.323136401
Mongodb initiated successfully for channel name: Abhik
############################### 
2020-02-11 17:24:29.8966875 +0530 IST m=+0.689173801
Mongodb initiated successfully for channel name: ChannelSample
############################### 
2020-02-11 17:24:30.6403472 +0530 IST m=+1.433169101
Mongodb initiated successfully for channel name: TCPSample
############################### 
2020-02-11 17:24:30.6931785 +0530 IST m=+1.486024201
Loading log files...
############################### 
2020-02-11 17:24:30.6941751 +0530 IST m=+1.487021301
Starting TCP server...
############################### 
2020-02-11 17:28:03.0135942 +0530 IST m=+0.016954601
Mongodb initiated successfully for channel name: Abhik
############################### 
2020-02-11 17:28:03.0155889 +0530 IST m=+0.018950201
Mongodb initiated successfully for channel name: ChannelSample
############################### 
2020-02-11 17:28:03.0175827 +0530 IST m=+0.020944901
Mongodb initiated successfully for channel name: TCPSample
############################### 
2020-02-11 17:28:03.0584551 +0530 IST m=+0.061835701
Loading log files...
############################### 
2020-02-11 17:28:03.059451 +0530 IST m=+0.062832001
Starting TCP server...
############################### 
2020-02-11 17:30:42.1177397 +0530 IST m=+0.016983101
Mongodb initiated successfully for channel name: Abhik
############################### 
2020-02-11 17:30:42.1197061 +0530 IST m=+0.018949501
Mongodb initiated successfully for channel name: ChannelSample
############################### 
2020-02-11 17:30:42.121704 +0530 IST m=+0.020947401
Mongodb initiated successfully for channel name: TCPSample
############################### 
2020-02-11 17:30:42.1815402 +0530 IST m=+0.080783801
Loading log files...
############################### 
2020-02-11 17:30:42.1815402 +0530 IST m=+0.080783801
Starting TCP server...
############################### 
2020-02-11 17:31:11.8490987 +0530 IST m=+29.748407501
Connection closed!
############################### 
2020-02-11 17:31:11.8500963 +0530 IST m=+29.749405101
Channel closed!
############################### 
2020-02-11 17:31:12.1911824 +0530 IST m=+30.090492001
Connection closed!
############################### 
2020-02-11 17:31:12.1931776 +0530 IST m=+30.092487201
Channel closed!
############################### 
2020-02-11 17:31:12.2240945 +0530 IST m=+30.123404201
Connection closed!
############################### 
2020-02-11 17:31:12.2250929 +0530 IST m=+30.124402601
Channel closed!
############################### 
2020-02-11 17:31:12.2430439 +0530 IST m=+30.142353601
Connection closed!
############################### 
2020-02-11 17:31:12.2440413 +0530 IST m=+30.143351001
Channel closed!
############################### 
2020-02-11 17:31:12.2619928 +0530 IST m=+30.161302501
Connection closed!
############################### 
2020-02-11 17:31:12.2629906 +0530 IST m=+30.162300301
Channel closed!
############################### 
2020-02-11 17:31:12.2969018 +0530 IST m=+30.196211601
Connection closed!
############################### 
2020-02-11 17:31:12.2978971 +0530 IST m=+30.197206901
Channel closed!
############################### 
2020-02-11 17:31:12.3028837 +0530 IST m=+30.202193501
Connection closed!
############################### 
2020-02-11 17:31:12.3028837 +0530 IST m=+30.202193501
Channel closed!
############################### 
2020-02-11 17:31:12.334798 +0530 IST m=+30.234107901
Connection closed!
############################### 
2020-02-11 17:31:12.3357962 +0530 IST m=+30.235106101
Channel closed!
############################### 
2020-02-11 17:31:12.3776835 +0530 IST m=+30.276993501
Connection closed!
############################### 
2020-02-11 17:31:12.3786814 +0530 IST m=+30.277991401
Channel closed!
############################### 
2020-02-11 17:31:12.4056084 +0530 IST m=+30.304918501
Connection closed!
############################### 
2020-02-11 17:31:12.4076041 +0530 IST m=+30.306914201
Channel closed!
############################### 
2020-02-11 17:31:12.4345306 +0530 IST m=+30.333840701
Connection closed!
############################### 
2020-02-11 17:31:12.4355285 +0530 IST m=+30.334838601
Channel closed!
############################### 
2020-02-11 17:31:12.4534801 +0530 IST m=+30.352790301
Connection closed!
############################### 
2020-02-11 17:31:12.455477 +0530 IST m=+30.354787201
Channel closed!
############################### 
2020-02-11 17:31:12.4614585 +0530 IST m=+30.360768701
Connection closed!
############################### 
2020-02-11 17:31:12.4624562 +0530 IST m=+30.361766401
Channel closed!
############################### 
2020-02-11 17:31:12.4784134 +0530 IST m=+30.377723601
Connection closed!
############################### 
2020-02-11 17:31:12.4794116 +0530 IST m=+30.378721801
Channel closed!
############################### 
2020-02-11 17:31:12.4913791 +0530 IST m=+30.390689301
Connection closed!
############################### 
2020-02-11 17:31:12.4923762 +0530 IST m=+30.391686401
Channel closed!
############################### 
2020-02-11 17:31:12.5153146 +0530 IST m=+30.414624901
Connection closed!
############################### 
2020-02-11 17:31:12.5173112 +0530 IST m=+30.416621501
Channel closed!
############################### 
2020-02-11 17:31:12.567181 +0530 IST m=+30.466491401
Connection closed!
############################### 
2020-02-11 17:31:12.5681733 +0530 IST m=+30.467483701
Channel closed!
############################### 
2020-02-11 17:31:12.6270157 +0530 IST m=+30.526326201
Connection closed!
############################### 
2020-02-11 17:31:12.628014 +0530 IST m=+30.527324501
Channel closed!
############################### 
2020-02-11 17:31:12.7596608 +0530 IST m=+30.658971601
Connection closed!
############################### 
2020-02-11 17:31:12.7616563 +0530 IST m=+30.660967101
Channel closed!
############################### 
2020-02-11 17:31:12.8693666 +0530 IST m=+30.768677701
Connection closed!
############################### 
2020-02-11 17:31:12.8713635 +0530 IST m=+30.770674601
Channel closed!
############################### 
2020-02-11 17:31:13.0169714 +0530 IST m=+30.916282801
Connection closed!
############################### 
2020-02-11 17:31:13.0179704 +0530 IST m=+30.917281801
Channel closed!
############################### 
2020-02-11 17:31:13.0199638 +0530 IST m=+30.919275201
Connection closed!
############################### 
2020-02-11 17:31:13.0209611 +0530 IST m=+30.920272501
Channel closed!
############################### 
2020-02-11 17:31:13.0379157 +0530 IST m=+30.937227101
Connection closed!
############################### 
2020-02-11 17:31:13.0389129 +0530 IST m=+30.938224301
Channel closed!
############################### 
2020-02-11 17:31:13.0568643 +0530 IST m=+30.956175801
Connection closed!
############################### 
2020-02-11 17:31:13.0578628 +0530 IST m=+30.957174301
Channel closed!
############################### 
2020-02-11 17:31:13.0588594 +0530 IST m=+30.958170901
Connection closed!
############################### 
2020-02-11 17:31:13.059857 +0530 IST m=+30.959168501
Channel closed!
############################### 
2020-02-11 17:31:13.0738192 +0530 IST m=+30.973130701
Connection closed!
############################### 
2020-02-11 17:31:13.074817 +0530 IST m=+30.974128501
Channel closed!
############################### 
2020-02-11 17:31:13.075818 +0530 IST m=+30.975129501
Connection closed!
############################### 
2020-02-11 17:31:13.0778094 +0530 IST m=+30.977120901
Channel closed!
############################### 
2020-02-11 17:31:13.1007467 +0530 IST m=+31.000058301
Connection closed!
############################### 
2020-02-11 17:31:13.1027424 +0530 IST m=+31.002054001
Channel closed!
############################### 
2020-02-11 17:31:13.1326618 +0530 IST m=+31.031973501
Connection closed!
############################### 
2020-02-11 17:31:13.1336599 +0530 IST m=+31.032971601
Channel closed!
############################### 
2020-02-11 17:31:13.1615838 +0530 IST m=+31.060895501
Connection closed!
############################### 
2020-02-11 17:31:13.1625817 +0530 IST m=+31.061893401
Channel closed!
############################### 
2020-02-11 17:31:13.1745521 +0530 IST m=+31.073863801
Connection closed!
############################### 
2020-02-11 17:31:13.1755472 +0530 IST m=+31.074858901
Channel closed!
############################### 
2020-02-11 17:31:13.1775416 +0530 IST m=+31.076853401
Connection closed!
############################### 
2020-02-11 17:31:13.1785396 +0530 IST m=+31.077851401
Channel closed!
############################### 
2020-02-11 17:31:13.1795366 +0530 IST m=+31.078848401
Connection closed!
############################### 
2020-02-11 17:31:13.1795366 +0530 IST m=+31.078848401
Channel closed!
############################### 
2020-02-11 17:31:13.1825283 +0530 IST m=+31.081840101
Connection closed!
############################### 
2020-02-11 17:31:13.1835255 +0530 IST m=+31.082837301
Channel closed!
############################### 
2020-02-11 17:31:13.1845229 +0530 IST m=+31.083834701
Connection closed!
############################### 
2020-02-11 17:31:13.1855202 +0530 IST m=+31.084832001
Channel closed!
############################### 
2020-02-11 17:31:13.2034725 +0530 IST m=+31.102784301
Connection closed!
############################### 
2020-02-11 17:31:13.2044696 +0530 IST m=+31.103781401
Channel closed!
############################### 
2020-02-11 17:31:13.2254133 +0530 IST m=+31.124725201
Connection closed!
############################### 
2020-02-11 17:31:13.2264111 +0530 IST m=+31.125723001
Channel closed!
############################### 
2020-02-11 17:31:13.2383811 +0530 IST m=+31.137693001
Connection closed!
############################### 
2020-02-11 17:31:13.2393761 +0530 IST m=+31.138688001
Channel closed!
############################### 
2020-02-11 17:31:13.2453596 +0530 IST m=+31.144671501
Connection closed!
############################### 
2020-02-11 17:31:13.2463571 +0530 IST m=+31.145669001
Channel closed!
############################### 
2020-02-11 17:31:13.2703021 +0530 IST m=+31.169614101
Connection closed!
############################### 
2020-02-11 17:31:13.2712908 +0530 IST m=+31.170602801
Channel closed!
############################### 
2020-02-11 17:31:13.2742829 +0530 IST m=+31.173594901
Connection closed!
############################### 
2020-02-11 17:31:13.2742829 +0530 IST m=+31.173594901
Channel closed!
############################### 
2020-02-11 17:31:13.2822635 +0530 IST m=+31.181575501
Connection closed!
############################### 
2020-02-11 17:31:13.2832587 +0530 IST m=+31.182570701
Channel closed!
############################### 
2020-02-11 17:31:13.2832587 +0530 IST m=+31.182570701
Connection closed!
############################### 
2020-02-11 17:31:13.2852534 +0530 IST m=+31.184565401
Channel closed!
############################### 
2020-02-11 17:31:13.2932319 +0530 IST m=+31.192543901
Connection closed!
############################### 
2020-02-11 17:31:13.2942291 +0530 IST m=+31.193541101
Channel closed!
############################### 
2020-02-11 17:31:13.3052005 +0530 IST m=+31.204512501
Connection closed!
############################### 
2020-02-11 17:31:13.3061972 +0530 IST m=+31.205509201
Channel closed!
############################### 
2020-02-11 17:31:13.3121809 +0530 IST m=+31.211492901
Connection closed!
############################### 
2020-02-11 17:31:13.3121809 +0530 IST m=+31.211492901
Channel closed!
############################### 
2020-02-11 17:31:13.3191623 +0530 IST m=+31.218474401
Connection closed!
############################### 
2020-02-11 17:31:13.3211572 +0530 IST m=+31.220469301
Channel closed!
############################### 
2020-02-11 17:31:13.3241487 +0530 IST m=+31.223460801
Connection closed!
############################### 
2020-02-11 17:31:13.3251466 +0530 IST m=+31.224458701
Channel closed!
############################### 
2020-02-11 17:31:13.3251466 +0530 IST m=+31.224458701
Connection closed!
############################### 
2020-02-11 17:31:13.3261441 +0530 IST m=+31.225456201
Channel closed!
############################### 
2020-02-11 17:31:13.3520736 +0530 IST m=+31.251385701
Connection closed!
############################### 
2020-02-11 17:31:13.3530729 +0530 IST m=+31.252385001
Channel closed!
############################### 
2020-02-11 17:31:13.3600532 +0530 IST m=+31.259365401
Connection closed!
############################### 
2020-02-11 17:31:13.3610506 +0530 IST m=+31.260362801
Channel closed!
############################### 
2020-02-11 17:31:13.3750124 +0530 IST m=+31.274324601
Connection closed!
############################### 
2020-02-11 17:31:13.3760104 +0530 IST m=+31.275322601
Channel closed!
############################### 
2020-02-11 17:31:13.3849861 +0530 IST m=+31.284298301
Connection closed!
############################### 
2020-02-11 17:31:13.3859842 +0530 IST m=+31.285296401
Channel closed!
############################### 
2020-02-11 17:31:13.396955 +0530 IST m=+31.296267201
Connection closed!
############################### 
2020-02-11 17:31:13.3979531 +0530 IST m=+31.297265301
Channel closed!
############################### 
2020-02-11 17:31:13.4009434 +0530 IST m=+31.300255601
Connection closed!
############################### 
2020-02-11 17:31:13.4019409 +0530 IST m=+31.301253101
Channel closed!
############################### 
2020-02-11 17:31:13.4049323 +0530 IST m=+31.304244601
Connection closed!
############################### 
2020-02-11 17:31:13.4059298 +0530 IST m=+31.305242101
Channel closed!
############################### 
2020-02-11 17:31:13.4208896 +0530 IST m=+31.320201901
Connection closed!
############################### 
2020-02-11 17:31:13.4218876 +0530 IST m=+31.321199901
Channel closed!
############################### 
2020-02-11 17:31:13.4308636 +0530 IST m=+31.330175901
Connection closed!
############################### 
2020-02-11 17:31:13.4318604 +0530 IST m=+31.331172701
Channel closed!
############################### 
2020-02-11 17:31:13.4318604 +0530 IST m=+31.331172701
Connection closed!
############################### 
2020-02-11 17:31:13.4328579 +0530 IST m=+31.332170201
Channel closed!
############################### 
2020-02-11 17:31:13.438842 +0530 IST m=+31.338154301
Connection closed!
############################### 
2020-02-11 17:31:13.4398391 +0530 IST m=+31.339151401
Channel closed!
############################### 
2020-02-11 17:31:13.4508096 +0530 IST m=+31.350122001
Connection closed!
############################### 
2020-02-11 17:31:13.4518078 +0530 IST m=+31.351120201
Channel closed!
############################### 
2020-02-11 17:31:13.4627773 +0530 IST m=+31.362089701
Connection closed!
############################### 
2020-02-11 17:31:13.4637753 +0530 IST m=+31.363087701
Channel closed!
############################### 
2020-02-11 17:31:13.469759 +0530 IST m=+31.369071401
Connection closed!
############################### 
2020-02-11 17:31:13.469759 +0530 IST m=+31.369071401
Channel closed!
############################### 
2020-02-11 17:31:13.4787357 +0530 IST m=+31.378048101
Connection closed!
############################### 
2020-02-11 17:31:13.4787357 +0530 IST m=+31.378048101
Channel closed!
############################### 
2020-02-11 17:31:13.4827245 +0530 IST m=+31.382036901
Connection closed!
############################### 
2020-02-11 17:31:13.4837214 +0530 IST m=+31.383033801
Channel closed!
############################### 
2020-02-11 17:31:13.4867137 +0530 IST m=+31.386026101
Connection closed!
############################### 
2020-02-11 17:31:13.4877111 +0530 IST m=+31.387023501
Channel closed!
############################### 
2020-02-11 17:31:13.4887085 +0530 IST m=+31.388020901
Connection closed!
############################### 
2020-02-11 17:31:13.4897058 +0530 IST m=+31.389018201
Channel closed!
############################### 
2020-02-11 17:31:13.502671 +0530 IST m=+31.401983501
Connection closed!
############################### 
2020-02-11 17:31:13.5036681 +0530 IST m=+31.402980601
Channel closed!
############################### 
2020-02-11 17:31:13.504666 +0530 IST m=+31.403978501
Connection closed!
############################### 
2020-02-11 17:31:13.5056633 +0530 IST m=+31.404975801
Channel closed!
############################### 
2020-02-11 17:31:13.5066602 +0530 IST m=+31.405972701
Connection closed!
############################### 
2020-02-11 17:31:13.5076574 +0530 IST m=+31.406969901
Channel closed!
############################### 
2020-02-11 17:31:13.5226173 +0530 IST m=+31.421929801
Connection closed!
############################### 
2020-02-11 17:31:13.523616 +0530 IST m=+31.422928501
Channel closed!
############################### 
2020-02-11 17:31:13.5315929 +0530 IST m=+31.430905401
Connection closed!
############################### 
2020-02-11 17:31:13.5325908 +0530 IST m=+31.431903301
Channel closed!
############################### 
2020-02-11 17:31:13.5345859 +0530 IST m=+31.433898401
Connection closed!
############################### 
2020-02-11 17:31:13.5345859 +0530 IST m=+31.433898401
Channel closed!
############################### 
2020-02-11 17:31:13.5495452 +0530 IST m=+31.448857801
Connection closed!
############################### 
2020-02-11 17:31:13.5495452 +0530 IST m=+31.448857801
Channel closed!
############################### 
2020-02-11 17:31:13.5545316 +0530 IST m=+31.453844201
Connection closed!
############################### 
2020-02-11 17:31:13.5565271 +0530 IST m=+31.455839701
Channel closed!
############################### 
2020-02-11 17:31:13.5595187 +0530 IST m=+31.458831301
Connection closed!
############################### 
2020-02-11 17:31:13.5605162 +0530 IST m=+31.459828801
Channel closed!
############################### 
2020-02-11 17:31:13.5625106 +0530 IST m=+31.461823201
Connection closed!
############################### 
2020-02-11 17:31:13.5635083 +0530 IST m=+31.462820901
Channel closed!
############################### 
2020-02-11 17:31:13.564509 +0530 IST m=+31.463821601
Connection closed!
############################### 
2020-02-11 17:31:13.5655027 +0530 IST m=+31.464815301
Channel closed!
############################### 
2020-02-11 17:31:13.5664999 +0530 IST m=+31.465812501
Connection closed!
############################### 
2020-02-11 17:31:13.5664999 +0530 IST m=+31.465812501
Connection closed!
############################### 
2020-02-11 17:31:13.5674974 +0530 IST m=+31.466810001
Channel closed!
############################### 
2020-02-11 17:31:13.5684946 +0530 IST m=+31.467807201
Channel closed!
############################### 
2020-02-11 17:31:13.5724839 +0530 IST m=+31.471796501
Connection closed!
############################### 
2020-02-11 17:31:13.573483 +0530 IST m=+31.472795601
Channel closed!
############################### 
2020-02-11 17:31:13.5774707 +0530 IST m=+31.476783301
Connection closed!
############################### 
2020-02-11 17:31:13.5784685 +0530 IST m=+31.477781101
Channel closed!
############################### 
2020-02-11 17:31:13.5794657 +0530 IST m=+31.478778301
Connection closed!
############################### 
2020-02-11 17:31:13.580463 +0530 IST m=+31.479775601
Channel closed!
############################### 
2020-02-11 17:31:13.5864464 +0530 IST m=+31.485759101
Connection closed!
############################### 
2020-02-11 17:31:13.5874439 +0530 IST m=+31.486756601
Channel closed!
############################### 
2020-02-11 17:31:13.588442 +0530 IST m=+31.487754701
Connection closed!
############################### 
2020-02-11 17:31:13.5904369 +0530 IST m=+31.489749601
Channel closed!
############################### 
2020-02-11 17:31:13.5944251 +0530 IST m=+31.493737801
Connection closed!
############################### 
2020-02-11 17:31:13.5944251 +0530 IST m=+31.493737801
Channel closed!
############################### 
2020-02-11 17:31:13.595423 +0530 IST m=+31.494735701
Connection closed!
############################### 
2020-02-11 17:31:13.5964203 +0530 IST m=+31.495733001
Channel closed!
############################### 
2020-02-11 17:31:13.5974169 +0530 IST m=+31.496729601
Connection closed!
############################### 
2020-02-11 17:31:13.5984145 +0530 IST m=+31.497727201
Channel closed!
############################### 
2020-02-11 17:31:13.6004089 +0530 IST m=+31.499721601
Connection closed!
############################### 
2020-02-11 17:31:13.602404 +0530 IST m=+31.501716701
Channel closed!
############################### 
2020-02-11 17:31:13.6043989 +0530 IST m=+31.503711601
Connection closed!
############################### 
2020-02-11 17:31:13.6053979 +0530 IST m=+31.504710601
Channel closed!
############################### 
2020-02-11 17:31:13.6113817 +0530 IST m=+31.510694401
Connection closed!
############################### 
2020-02-11 17:31:13.6133743 +0530 IST m=+31.512687001
Channel closed!
############################### 
2020-02-11 17:31:13.6133743 +0530 IST m=+31.512687001
Connection closed!
############################### 
2020-02-11 17:31:13.6143717 +0530 IST m=+31.513684401
Channel closed!
############################### 
2020-02-11 17:31:13.6153697 +0530 IST m=+31.514682401
Connection closed!
############################### 
2020-02-11 17:31:13.6163666 +0530 IST m=+31.515679301
Connection closed!
############################### 
2020-02-11 17:31:13.6173641 +0530 IST m=+31.516676801
Connection closed!
############################### 
2020-02-11 17:31:13.6183612 +0530 IST m=+31.517673901
Channel closed!
############################### 
2020-02-11 17:31:13.6193591 +0530 IST m=+31.518671801
Channel closed!
############################### 
2020-02-11 17:31:13.620356 +0530 IST m=+31.519668701
Channel closed!
############################### 
2020-02-11 17:31:13.6223506 +0530 IST m=+31.521663301
Connection closed!
############################### 
2020-02-11 17:31:13.6233479 +0530 IST m=+31.522660601
Channel closed!
############################### 
2020-02-11 17:31:13.6283346 +0530 IST m=+31.527647301
Connection closed!
############################### 
2020-02-11 17:31:13.6303296 +0530 IST m=+31.529642301
Channel closed!
############################### 
2020-02-11 17:31:13.6333207 +0530 IST m=+31.532633501
Connection closed!
############################### 
2020-02-11 17:31:13.6343185 +0530 IST m=+31.533631301
Channel closed!
############################### 
2020-02-11 17:31:13.6343185 +0530 IST m=+31.533631301
Connection closed!
############################### 
2020-02-11 17:31:13.635316 +0530 IST m=+31.534628801
Connection closed!
############################### 
2020-02-11 17:31:13.6373114 +0530 IST m=+31.536624201
Channel closed!
############################### 
2020-02-11 17:31:13.6383141 +0530 IST m=+31.537626901
Channel closed!
